[02-Jul-2024 18:39:45 UTC] Xdebug: [Step Debug] Time-out connecting to debugging client, waited: 200 ms. Tried: localhost:9003 (fallback through xdebug.client_host/xdebug.client_port) :-(
[02-Jul-2024 18:39:45 UTC] Xdebug: [Step Debug] Time-out connecting to debugging client, waited: 200 ms. Tried: localhost:9003 (fallback through xdebug.client_host/xdebug.client_port) :-(
[02-Jul-2024 18:39:45 UTC] Xdebug: [Step Debug] Time-out connecting to debugging client, waited: 200 ms. Tried: localhost:9003 (fallback through xdebug.client_host/xdebug.client_port) :-(
[02-Jul-2024 18:39:45 UTC] Xdebug: [Step Debug] Time-out connecting to debugging client, waited: 200 ms. Tried: localhost:9003 (fallback through xdebug.client_host/xdebug.client_port) :-(
[02-Jul-2024 18:39:45 UTC] Xdebug: [Step Debug] Time-out connecting to debugging client, waited: 200 ms. Tried: localhost:9003 (fallback through xdebug.client_host/xdebug.client_port) :-(
[02-Jul-2024 18:39:45 UTC] Xdebug: [Step Debug] Time-out connecting to debugging client, waited: 200 ms. Tried: localhost:9003 (fallback through xdebug.client_host/xdebug.client_port) :-(
[02-Jul-2024 18:39:46 UTC] Xdebug: [Step Debug] Time-out connecting to debugging client, waited: 200 ms. Tried: localhost:9003 (fallback through xdebug.client_host/xdebug.client_port) :-(
[02-Jul-2024 18:39:46 UTC] Xdebug: [Step Debug] Time-out connecting to debugging client, waited: 200 ms. Tried: localhost:9003 (fallback through xdebug.client_host/xdebug.client_port) :-(
[02-Jul-2024 18:39:46 UTC] Xdebug: [Step Debug] Time-out connecting to debugging client, waited: 200 ms. Tried: localhost:9003 (fallback through xdebug.client_host/xdebug.client_port) :-(
[02-Jul-2024 18:39:46 UTC] Xdebug: [Step Debug] Time-out connecting to debugging client, waited: 200 ms. Tried: localhost:9003 (fallback through xdebug.client_host/xdebug.client_port) :-(
[02-Jul-2024 18:39:47 UTC] Xdebug: [Step Debug] Time-out connecting to debugging client, waited: 200 ms. Tried: localhost:9003 (fallback through xdebug.client_host/xdebug.client_port) :-(
[02-Jul-2024 18:39:47 UTC] Xdebug: [Step Debug] Time-out connecting to debugging client, waited: 200 ms. Tried: localhost:9003 (fallback through xdebug.client_host/xdebug.client_port) :-(
[02-Jul-2024 18:39:47 UTC] Xdebug: [Step Debug] Time-out connecting to debugging client, waited: 200 ms. Tried: localhost:9003 (fallback through xdebug.client_host/xdebug.client_port) :-(
[02-Jul-2024 18:39:47 UTC] Xdebug: [Step Debug] Time-out connecting to debugging client, waited: 200 ms. Tried: localhost:9003 (fallback through xdebug.client_host/xdebug.client_port) :-(
[02-Jul-2024 18:39:47 UTC] Xdebug: [Step Debug] Time-out connecting to debugging client, waited: 200 ms. Tried: localhost:9003 (fallback through xdebug.client_host/xdebug.client_port) :-(
[02-Jul-2024 18:39:47 UTC] Xdebug: [Step Debug] Time-out connecting to debugging client, waited: 200 ms. Tried: localhost:9003 (fallback through xdebug.client_host/xdebug.client_port) :-(
[02-Jul-2024 18:39:47 UTC] Xdebug: [Step Debug] Time-out connecting to debugging client, waited: 200 ms. Tried: localhost:9003 (fallback through xdebug.client_host/xdebug.client_port) :-(
[02-Jul-2024 18:39:48 UTC] Xdebug: [Step Debug] Time-out connecting to debugging client, waited: 200 ms. Tried: localhost:9003 (fallback through xdebug.client_host/xdebug.client_port) :-(
[02-Jul-2024 18:39:48 UTC] Xdebug: [Step Debug] Time-out connecting to debugging client, waited: 200 ms. Tried: localhost:9003 (fallback through xdebug.client_host/xdebug.client_port) :-(
[02-Jul-2024 18:39:48 UTC] Xdebug: [Step Debug] Time-out connecting to debugging client, waited: 200 ms. Tried: localhost:9003 (fallback through xdebug.client_host/xdebug.client_port) :-(
[02-Jul-2024 18:39:48 UTC] Xdebug: [Step Debug] Time-out connecting to debugging client, waited: 200 ms. Tried: localhost:9003 (fallback through xdebug.client_host/xdebug.client_port) :-(
[02-Jul-2024 18:39:48 UTC] Xdebug: [Step Debug] Time-out connecting to debugging client, waited: 200 ms. Tried: localhost:9003 (fallback through xdebug.client_host/xdebug.client_port) :-(
[02-Jul-2024 18:39:49 UTC] Xdebug: [Step Debug] Time-out connecting to debugging client, waited: 200 ms. Tried: localhost:9003 (fallback through xdebug.client_host/xdebug.client_port) :-(
[02-Jul-2024 18:39:49 UTC] Xdebug: [Step Debug] Time-out connecting to debugging client, waited: 200 ms. Tried: localhost:9003 (fallback through xdebug.client_host/xdebug.client_port) :-(
[02-Jul-2024 18:39:49 UTC] Xdebug: [Step Debug] Time-out connecting to debugging client, waited: 200 ms. Tried: localhost:9003 (fallback through xdebug.client_host/xdebug.client_port) :-(
[02-Jul-2024 18:39:49 UTC] Xdebug: [Step Debug] Time-out connecting to debugging client, waited: 200 ms. Tried: localhost:9003 (fallback through xdebug.client_host/xdebug.client_port) :-(
[02-Jul-2024 18:39:49 UTC] Xdebug: [Step Debug] Time-out connecting to debugging client, waited: 200 ms. Tried: localhost:9003 (fallback through xdebug.client_host/xdebug.client_port) :-(
[02-Jul-2024 18:39:49 UTC] Xdebug: [Step Debug] Time-out connecting to debugging client, waited: 200 ms. Tried: localhost:9003 (fallback through xdebug.client_host/xdebug.client_port) :-(
[02-Jul-2024 18:39:49 UTC] Xdebug: [Step Debug] Time-out connecting to debugging client, waited: 200 ms. Tried: localhost:9003 (fallback through xdebug.client_host/xdebug.client_port) :-(
[02-Jul-2024 18:39:49 UTC] Xdebug: [Step Debug] Time-out connecting to debugging client, waited: 200 ms. Tried: localhost:9003 (fallback through xdebug.client_host/xdebug.client_port) :-(
[02-Jul-2024 18:39:49 UTC] Xdebug: [Step Debug] Time-out connecting to debugging client, waited: 200 ms. Tried: localhost:9003 (fallback through xdebug.client_host/xdebug.client_port) :-(
[02-Jul-2024 18:39:49 UTC] Xdebug: [Step Debug] Time-out connecting to debugging client, waited: 200 ms. Tried: localhost:9003 (fallback through xdebug.client_host/xdebug.client_port) :-(
[02-Jul-2024 18:39:50 UTC] Xdebug: [Step Debug] Time-out connecting to debugging client, waited: 200 ms. Tried: localhost:9003 (fallback through xdebug.client_host/xdebug.client_port) :-(
[02-Jul-2024 18:39:51 UTC] Xdebug: [Step Debug] Time-out connecting to debugging client, waited: 200 ms. Tried: localhost:9003 (fallback through xdebug.client_host/xdebug.client_port) :-(
[02-Jul-2024 18:39:51 UTC] Xdebug: [Step Debug] Time-out connecting to debugging client, waited: 200 ms. Tried: localhost:9003 (fallback through xdebug.client_host/xdebug.client_port) :-(
[02-Jul-2024 18:39:52 UTC] Xdebug: [Step Debug] Time-out connecting to debugging client, waited: 200 ms. Tried: localhost:9003 (fallback through xdebug.client_host/xdebug.client_port) :-(
[02-Jul-2024 18:39:52 UTC] Xdebug: [Step Debug] Time-out connecting to debugging client, waited: 200 ms. Tried: localhost:9003 (fallback through xdebug.client_host/xdebug.client_port) :-(
[02-Jul-2024 18:39:53 UTC] Xdebug: [Step Debug] Time-out connecting to debugging client, waited: 200 ms. Tried: localhost:9003 (fallback through xdebug.client_host/xdebug.client_port) :-(
[02-Jul-2024 18:39:53 UTC] Xdebug: [Step Debug] Time-out connecting to debugging client, waited: 200 ms. Tried: localhost:9003 (fallback through xdebug.client_host/xdebug.client_port) :-(
[02-Jul-2024 18:39:53 UTC] Xdebug: [Step Debug] Time-out connecting to debugging client, waited: 200 ms. Tried: localhost:9003 (fallback through xdebug.client_host/xdebug.client_port) :-(
[02-Jul-2024 18:39:53 UTC] Xdebug: [Step Debug] Time-out connecting to debugging client, waited: 200 ms. Tried: localhost:9003 (fallback through xdebug.client_host/xdebug.client_port) :-(
[02-Jul-2024 18:39:53 UTC] Xdebug: [Step Debug] Time-out connecting to debugging client, waited: 200 ms. Tried: localhost:9003 (fallback through xdebug.client_host/xdebug.client_port) :-(
[02-Jul-2024 18:39:53 UTC] Xdebug: [Step Debug] Time-out connecting to debugging client, waited: 200 ms. Tried: localhost:9003 (fallback through xdebug.client_host/xdebug.client_port) :-(
[02-Jul-2024 18:39:54 UTC] Xdebug: [Step Debug] Time-out connecting to debugging client, waited: 200 ms. Tried: localhost:9003 (fallback through xdebug.client_host/xdebug.client_port) :-(
[02-Jul-2024 18:39:54 UTC] Xdebug: [Step Debug] Time-out connecting to debugging client, waited: 200 ms. Tried: localhost:9003 (fallback through xdebug.client_host/xdebug.client_port) :-(
[02-Jul-2024 18:39:54 UTC] Xdebug: [Step Debug] Time-out connecting to debugging client, waited: 200 ms. Tried: localhost:9003 (fallback through xdebug.client_host/xdebug.client_port) :-(
[02-Jul-2024 18:39:54 UTC] Xdebug: [Step Debug] Time-out connecting to debugging client, waited: 200 ms. Tried: localhost:9003 (fallback through xdebug.client_host/xdebug.client_port) :-(
[02-Jul-2024 18:39:54 UTC] Xdebug: [Step Debug] Time-out connecting to debugging client, waited: 200 ms. Tried: localhost:9003 (fallback through xdebug.client_host/xdebug.client_port) :-(
[02-Jul-2024 18:39:54 UTC] Xdebug: [Step Debug] Time-out connecting to debugging client, waited: 200 ms. Tried: localhost:9003 (fallback through xdebug.client_host/xdebug.client_port) :-(
[02-Jul-2024 18:39:55 UTC] Xdebug: [Step Debug] Time-out connecting to debugging client, waited: 200 ms. Tried: localhost:9003 (fallback through xdebug.client_host/xdebug.client_port) :-(
[02-Jul-2024 18:39:55 UTC] Xdebug: [Step Debug] Time-out connecting to debugging client, waited: 200 ms. Tried: localhost:9003 (fallback through xdebug.client_host/xdebug.client_port) :-(
[02-Jul-2024 18:39:55 UTC] Xdebug: [Step Debug] Time-out connecting to debugging client, waited: 200 ms. Tried: localhost:9003 (fallback through xdebug.client_host/xdebug.client_port) :-(
[02-Jul-2024 18:39:55 UTC] Xdebug: [Step Debug] Time-out connecting to debugging client, waited: 200 ms. Tried: localhost:9003 (fallback through xdebug.client_host/xdebug.client_port) :-(
[02-Jul-2024 18:39:55 UTC] Xdebug: [Step Debug] Time-out connecting to debugging client, waited: 200 ms. Tried: localhost:9003 (fallback through xdebug.client_host/xdebug.client_port) :-(
[02-Jul-2024 18:39:55 UTC] Xdebug: [Step Debug] Time-out connecting to debugging client, waited: 200 ms. Tried: localhost:9003 (fallback through xdebug.client_host/xdebug.client_port) :-(
[02-Jul-2024 18:39:56 UTC] Xdebug: [Step Debug] Time-out connecting to debugging client, waited: 200 ms. Tried: localhost:9003 (fallback through xdebug.client_host/xdebug.client_port) :-(
[02-Jul-2024 18:39:56 UTC] Xdebug: [Step Debug] Time-out connecting to debugging client, waited: 200 ms. Tried: localhost:9003 (fallback through xdebug.client_host/xdebug.client_port) :-(
[02-Jul-2024 18:39:57 UTC] Xdebug: [Step Debug] Time-out connecting to debugging client, waited: 200 ms. Tried: localhost:9003 (fallback through xdebug.client_host/xdebug.client_port) :-(
[02-Jul-2024 18:40:01 UTC] Xdebug: [Step Debug] Time-out connecting to debugging client, waited: 200 ms. Tried: localhost:9003 (fallback through xdebug.client_host/xdebug.client_port) :-(
[02-Jul-2024 18:40:01 UTC] Xdebug: [Step Debug] Time-out connecting to debugging client, waited: 200 ms. Tried: localhost:9003 (fallback through xdebug.client_host/xdebug.client_port) :-(
[02-Jul-2024 18:40:02 UTC] Xdebug: [Step Debug] Time-out connecting to debugging client, waited: 200 ms. Tried: localhost:9003 (fallback through xdebug.client_host/xdebug.client_port) :-(
[02-Jul-2024 18:40:02 UTC] Xdebug: [Step Debug] Time-out connecting to debugging client, waited: 200 ms. Tried: localhost:9003 (fallback through xdebug.client_host/xdebug.client_port) :-(
[02-Jul-2024 19:02:27 UTC] PHP Warning:  require(C:\Users\cazad\Local Sites\neonos\app\public/wp-includes/version.php): Failed to open stream: No such file or directory in C:\Users\cazad\Local Sites\neonos\app\public\wp-settings.php on line 33
[02-Jul-2024 19:02:27 UTC] PHP Fatal error:  Uncaught Error: Failed opening required 'C:\Users\cazad\Local Sites\neonos\app\public/wp-includes/version.php' (include_path='.:/usr/share/php:/www/wp-content/pear') in C:\Users\cazad\Local Sites\neonos\app\public\wp-settings.php:33
Stack trace:
#0 C:\Users\cazad\Local Sites\neonos\app\public\wp-config.php(103): require_once()
#1 C:\Users\cazad\Local Sites\neonos\app\public\wp-load.php(50): require_once('C:\\Users\\cazad\\...')
#2 C:\Users\cazad\Local Sites\neonos\app\public\wp-admin\admin.php(34): require_once('C:\\Users\\cazad\\...')
#3 C:\Users\cazad\Local Sites\neonos\app\public\wp-admin\themes.php(10): require_once('C:\\Users\\cazad\\...')
#4 {main}
  thrown in C:\Users\cazad\Local Sites\neonos\app\public\wp-settings.php on line 33
[02-Jul-2024 19:02:28 UTC] PHP Warning:  require(C:\Users\cazad\Local Sites\neonos\app\public\wp-includes\version.php): Failed to open stream: No such file or directory in C:\Users\cazad\Local Sites\neonos\app\public\wp-settings.php on line 33
[02-Jul-2024 19:02:28 UTC] PHP Fatal error:  Uncaught Error: Failed opening required 'C:\Users\cazad\Local Sites\neonos\app\public/wp-includes/version.php' (include_path='.:/usr/share/php:/www/wp-content/pear') in C:\Users\cazad\Local Sites\neonos\app\public\wp-settings.php:33
Stack trace:
#0 C:\Users\cazad\Local Sites\neonos\app\public\wp-config.php(103): require_once()
#1 C:\Users\cazad\Local Sites\neonos\app\public\wp-load.php(50): require_once('C:\\Users\\cazad\\...')
#2 C:\Users\cazad\Local Sites\neonos\app\public\wp-admin\admin.php(34): require_once('C:\\Users\\cazad\\...')
#3 C:\Users\cazad\Local Sites\neonos\app\public\wp-admin\theme-install.php(10): require_once('C:\\Users\\cazad\\...')
#4 {main}
  thrown in C:\Users\cazad\Local Sites\neonos\app\public\wp-settings.php on line 33
[02-Jul-2024 19:02:30 UTC] PHP Warning:  require(C:\Users\cazad\Local Sites\neonos\app\public/wp-includes/version.php): Failed to open stream: No such file or directory in C:\Users\cazad\Local Sites\neonos\app\public\wp-settings.php on line 33
[02-Jul-2024 19:02:30 UTC] PHP Fatal error:  Uncaught Error: Failed opening required 'C:\Users\cazad\Local Sites\neonos\app\public/wp-includes/version.php' (include_path='.:/usr/share/php:/www/wp-content/pear') in C:\Users\cazad\Local Sites\neonos\app\public\wp-settings.php:33
Stack trace:
#0 C:\Users\cazad\Local Sites\neonos\app\public\wp-config.php(103): require_once()
#1 C:\Users\cazad\Local Sites\neonos\app\public\wp-load.php(50): require_once('C:\\Users\\cazad\\...')
#2 C:\Users\cazad\Local Sites\neonos\app\public\wp-admin\admin.php(34): require_once('C:\\Users\\cazad\\...')
#3 C:\Users\cazad\Local Sites\neonos\app\public\wp-admin\theme-install.php(10): require_once('C:\\Users\\cazad\\...')
#4 {main}
  thrown in C:\Users\cazad\Local Sites\neonos\app\public\wp-settings.php on line 33
[02-Jul-2024 19:02:32 UTC] PHP Warning:  require(C:\Users\cazad\Local Sites\neonos\app\public\wp-includes\version.php): Failed to open stream: No such file or directory in C:\Users\cazad\Local Sites\neonos\app\public\wp-settings.php on line 33
[02-Jul-2024 19:02:32 UTC] PHP Fatal error:  Uncaught Error: Failed opening required 'C:\Users\cazad\Local Sites\neonos\app\public/wp-includes/version.php' (include_path='.:/usr/share/php:/www/wp-content/pear') in C:\Users\cazad\Local Sites\neonos\app\public\wp-settings.php:33
Stack trace:
#0 C:\Users\cazad\Local Sites\neonos\app\public\wp-config.php(103): require_once()
#1 C:\Users\cazad\Local Sites\neonos\app\public\wp-load.php(50): require_once('C:\\Users\\cazad\\...')
#2 C:\Users\cazad\Local Sites\neonos\app\public\wp-admin\admin.php(34): require_once('C:\\Users\\cazad\\...')
#3 C:\Users\cazad\Local Sites\neonos\app\public\wp-admin\index.php(10): require_once('C:\\Users\\cazad\\...')
#4 {main}
  thrown in C:\Users\cazad\Local Sites\neonos\app\public\wp-settings.php on line 33
[02-Jul-2024 19:05:01 UTC] Cron reschedule event error for hook: recovery_mode_clean_expired_keys, Error code: could_not_set, Error message: The cron event list could not be saved., Data: {"schedule":"daily","args":[],"interval":86400}
[02-Jul-2024 20:26:31 UTC] PHP Warning:  Attempt to read property "title" on null in C:\Users\cazad\Local Sites\neonos\app\public\wp-includes\class-wp-customize-widgets.php on line 905
[02-Jul-2024 20:47:26 UTC] PHP Parse error:  syntax error, unexpected identifier "get_template_directory_uri", expecting ")" in C:\Users\cazad\Local Sites\neonos\app\public\wp-content\themes\mytheme\functions.php on line 13
[02-Jul-2024 20:47:26 UTC] PHP Parse error:  syntax error, unexpected identifier "get_template_directory_uri", expecting ")" in C:\Users\cazad\Local Sites\neonos\app\public\wp-content\themes\mytheme\functions.php on line 13
[02-Jul-2024 20:50:40 UTC] PHP Fatal error:  Uncaught Error: Call to undefined function wo_enqueue_script() in C:\Users\cazad\Local Sites\neonos\app\public\wp-content\themes\mytheme\functions.php:13
Stack trace:
#0 C:\Users\cazad\Local Sites\neonos\app\public\wp-includes\class-wp-hook.php(324): load_js('')
#1 C:\Users\cazad\Local Sites\neonos\app\public\wp-includes\class-wp-hook.php(348): WP_Hook->apply_filters(NULL, Array)
#2 C:\Users\cazad\Local Sites\neonos\app\public\wp-includes\plugin.php(517): WP_Hook->do_action(Array)
#3 C:\Users\cazad\Local Sites\neonos\app\public\wp-includes\script-loader.php(2265): do_action('wp_enqueue_scri...')
#4 C:\Users\cazad\Local Sites\neonos\app\public\wp-includes\class-wp-hook.php(324): wp_enqueue_scripts('')
#5 C:\Users\cazad\Local Sites\neonos\app\public\wp-includes\class-wp-hook.php(348): WP_Hook->apply_filters(NULL, Array)
#6 C:\Users\cazad\Local Sites\neonos\app\public\wp-includes\plugin.php(517): WP_Hook->do_action(Array)
#7 C:\Users\cazad\Local Sites\neonos\app\public\wp-includes\general-template.php(3050): do_action('wp_head')
#8 C:\Users\cazad\Local Sites\neonos\app\public\wp-content\themes\mytheme\header.php(7): wp_head()
#9 C:\Users\cazad\Local Sites\neonos\app\public\wp-includes\template.php(810): require_once('C:\\Users\\cazad\\...')
#10 C:\Users\cazad\Local Sites\neonos\app\public\wp-includes\template.php(745): load_template('C:\\Users\\cazad\\...', true, Array)
#11 C:\Users\cazad\Local Sites\neonos\app\public\wp-includes\general-template.php(48): locate_template(Array, true, true, Array)
#12 C:\Users\cazad\Local Sites\neonos\app\public\wp-content\themes\mytheme\front-page.php(1): get_header()
#13 C:\Users\cazad\Local Sites\neonos\app\public\wp-includes\template-loader.php(106): include('C:\\Users\\cazad\\...')
#14 C:\Users\cazad\Local Sites\neonos\app\public\wp-blog-header.php(19): require_once('C:\\Users\\cazad\\...')
#15 C:\Users\cazad\Local Sites\neonos\app\public\index.php(17): require('C:\\Users\\cazad\\...')
#16 {main}
  thrown in C:\Users\cazad\Local Sites\neonos\app\public\wp-content\themes\mytheme\functions.php on line 13
[02-Jul-2024 20:50:40 UTC] PHP Fatal error:  Uncaught Error: Call to undefined function wo_enqueue_script() in C:\Users\cazad\Local Sites\neonos\app\public\wp-content\themes\mytheme\functions.php:13
Stack trace:
#0 C:\Users\cazad\Local Sites\neonos\app\public\wp-includes\class-wp-hook.php(324): load_js('')
#1 C:\Users\cazad\Local Sites\neonos\app\public\wp-includes\class-wp-hook.php(348): WP_Hook->apply_filters(NULL, Array)
#2 C:\Users\cazad\Local Sites\neonos\app\public\wp-includes\plugin.php(517): WP_Hook->do_action(Array)
#3 C:\Users\cazad\Local Sites\neonos\app\public\wp-includes\script-loader.php(2265): do_action('wp_enqueue_scri...')
#4 C:\Users\cazad\Local Sites\neonos\app\public\wp-includes\class-wp-hook.php(324): wp_enqueue_scripts('')
#5 C:\Users\cazad\Local Sites\neonos\app\public\wp-includes\class-wp-hook.php(348): WP_Hook->apply_filters(NULL, Array)
#6 C:\Users\cazad\Local Sites\neonos\app\public\wp-includes\plugin.php(517): WP_Hook->do_action(Array)
#7 C:\Users\cazad\Local Sites\neonos\app\public\wp-includes\general-template.php(3050): do_action('wp_head')
#8 C:\Users\cazad\Local Sites\neonos\app\public\wp-content\themes\mytheme\header.php(7): wp_head()
#9 C:\Users\cazad\Local Sites\neonos\app\public\wp-includes\template.php(810): require_once('C:\\Users\\cazad\\...')
#10 C:\Users\cazad\Local Sites\neonos\app\public\wp-includes\template.php(745): load_template('C:\\Users\\cazad\\...', true, Array)
#11 C:\Users\cazad\Local Sites\neonos\app\public\wp-includes\general-template.php(48): locate_template(Array, true, true, Array)
#12 C:\Users\cazad\Local Sites\neonos\app\public\wp-content\themes\mytheme\front-page.php(1): get_header()
#13 C:\Users\cazad\Local Sites\neonos\app\public\wp-includes\template-loader.php(106): include('C:\\Users\\cazad\\...')
#14 C:\Users\cazad\Local Sites\neonos\app\public\wp-blog-header.php(19): require_once('C:\\Users\\cazad\\...')
#15 C:\Users\cazad\Local Sites\neonos\app\public\index.php(17): require('C:\\Users\\cazad\\...')
#16 {main}
  thrown in C:\Users\cazad\Local Sites\neonos\app\public\wp-content\themes\mytheme\functions.php on line 13
[02-Jul-2024 20:50:41 UTC] PHP Fatal error:  Uncaught Error: Call to undefined function wo_enqueue_script() in C:\Users\cazad\Local Sites\neonos\app\public\wp-content\themes\mytheme\functions.php:13
Stack trace:
#0 C:\Users\cazad\Local Sites\neonos\app\public\wp-includes\class-wp-hook.php(324): load_js('')
#1 C:\Users\cazad\Local Sites\neonos\app\public\wp-includes\class-wp-hook.php(348): WP_Hook->apply_filters(NULL, Array)
#2 C:\Users\cazad\Local Sites\neonos\app\public\wp-includes\plugin.php(517): WP_Hook->do_action(Array)
#3 C:\Users\cazad\Local Sites\neonos\app\public\wp-includes\script-loader.php(2265): do_action('wp_enqueue_scri...')
#4 C:\Users\cazad\Local Sites\neonos\app\public\wp-includes\class-wp-hook.php(324): wp_enqueue_scripts('')
#5 C:\Users\cazad\Local Sites\neonos\app\public\wp-includes\class-wp-hook.php(348): WP_Hook->apply_filters(NULL, Array)
#6 C:\Users\cazad\Local Sites\neonos\app\public\wp-includes\plugin.php(517): WP_Hook->do_action(Array)
#7 C:\Users\cazad\Local Sites\neonos\app\public\wp-includes\general-template.php(3050): do_action('wp_head')
#8 C:\Users\cazad\Local Sites\neonos\app\public\wp-content\themes\mytheme\header.php(7): wp_head()
#9 C:\Users\cazad\Local Sites\neonos\app\public\wp-includes\template.php(810): require_once('C:\\Users\\cazad\\...')
#10 C:\Users\cazad\Local Sites\neonos\app\public\wp-includes\template.php(745): load_template('C:\\Users\\cazad\\...', true, Array)
#11 C:\Users\cazad\Local Sites\neonos\app\public\wp-includes\general-template.php(48): locate_template(Array, true, true, Array)
#12 C:\Users\cazad\Local Sites\neonos\app\public\wp-content\themes\mytheme\front-page.php(1): get_header()
#13 C:\Users\cazad\Local Sites\neonos\app\public\wp-includes\template-loader.php(106): include('C:\\Users\\cazad\\...')
#14 C:\Users\cazad\Local Sites\neonos\app\public\wp-blog-header.php(19): require_once('C:\\Users\\cazad\\...')
#15 C:\Users\cazad\Local Sites\neonos\app\public\index.php(17): require('C:\\Users\\cazad\\...')
#16 {main}
  thrown in C:\Users\cazad\Local Sites\neonos\app\public\wp-content\themes\mytheme\functions.php on line 13
[02-Jul-2024 20:50:42 UTC] PHP Fatal error:  Uncaught Error: Call to undefined function wo_enqueue_script() in C:\Users\cazad\Local Sites\neonos\app\public\wp-content\themes\mytheme\functions.php:13
Stack trace:
#0 C:\Users\cazad\Local Sites\neonos\app\public\wp-includes\class-wp-hook.php(324): load_js('')
#1 C:\Users\cazad\Local Sites\neonos\app\public\wp-includes\class-wp-hook.php(348): WP_Hook->apply_filters(NULL, Array)
#2 C:\Users\cazad\Local Sites\neonos\app\public\wp-includes\plugin.php(517): WP_Hook->do_action(Array)
#3 C:\Users\cazad\Local Sites\neonos\app\public\wp-includes\script-loader.php(2265): do_action('wp_enqueue_scri...')
#4 C:\Users\cazad\Local Sites\neonos\app\public\wp-includes\class-wp-hook.php(324): wp_enqueue_scripts('')
#5 C:\Users\cazad\Local Sites\neonos\app\public\wp-includes\class-wp-hook.php(348): WP_Hook->apply_filters(NULL, Array)
#6 C:\Users\cazad\Local Sites\neonos\app\public\wp-includes\plugin.php(517): WP_Hook->do_action(Array)
#7 C:\Users\cazad\Local Sites\neonos\app\public\wp-includes\general-template.php(3050): do_action('wp_head')
#8 C:\Users\cazad\Local Sites\neonos\app\public\wp-content\themes\mytheme\header.php(7): wp_head()
#9 C:\Users\cazad\Local Sites\neonos\app\public\wp-includes\template.php(810): require_once('C:\\Users\\cazad\\...')
#10 C:\Users\cazad\Local Sites\neonos\app\public\wp-includes\template.php(745): load_template('C:\\Users\\cazad\\...', true, Array)
#11 C:\Users\cazad\Local Sites\neonos\app\public\wp-includes\general-template.php(48): locate_template(Array, true, true, Array)
#12 C:\Users\cazad\Local Sites\neonos\app\public\wp-content\themes\mytheme\front-page.php(1): get_header()
#13 C:\Users\cazad\Local Sites\neonos\app\public\wp-includes\template-loader.php(106): include('C:\\Users\\cazad\\...')
#14 C:\Users\cazad\Local Sites\neonos\app\public\wp-blog-header.php(19): require_once('C:\\Users\\cazad\\...')
#15 C:\Users\cazad\Local Sites\neonos\app\public\index.php(17): require('C:\\Users\\cazad\\...')
#16 {main}
  thrown in C:\Users\cazad\Local Sites\neonos\app\public\wp-content\themes\mytheme\functions.php on line 13
[02-Jul-2024 20:50:42 UTC] PHP Fatal error:  Uncaught Error: Call to undefined function wo_enqueue_script() in C:\Users\cazad\Local Sites\neonos\app\public\wp-content\themes\mytheme\functions.php:13
Stack trace:
#0 C:\Users\cazad\Local Sites\neonos\app\public\wp-includes\class-wp-hook.php(324): load_js('')
#1 C:\Users\cazad\Local Sites\neonos\app\public\wp-includes\class-wp-hook.php(348): WP_Hook->apply_filters(NULL, Array)
#2 C:\Users\cazad\Local Sites\neonos\app\public\wp-includes\plugin.php(517): WP_Hook->do_action(Array)
#3 C:\Users\cazad\Local Sites\neonos\app\public\wp-includes\script-loader.php(2265): do_action('wp_enqueue_scri...')
#4 C:\Users\cazad\Local Sites\neonos\app\public\wp-includes\class-wp-hook.php(324): wp_enqueue_scripts('')
#5 C:\Users\cazad\Local Sites\neonos\app\public\wp-includes\class-wp-hook.php(348): WP_Hook->apply_filters(NULL, Array)
#6 C:\Users\cazad\Local Sites\neonos\app\public\wp-includes\plugin.php(517): WP_Hook->do_action(Array)
#7 C:\Users\cazad\Local Sites\neonos\app\public\wp-includes\general-template.php(3050): do_action('wp_head')
#8 C:\Users\cazad\Local Sites\neonos\app\public\wp-content\themes\mytheme\header.php(7): wp_head()
#9 C:\Users\cazad\Local Sites\neonos\app\public\wp-includes\template.php(810): require_once('C:\\Users\\cazad\\...')
#10 C:\Users\cazad\Local Sites\neonos\app\public\wp-includes\template.php(745): load_template('C:\\Users\\cazad\\...', true, Array)
#11 C:\Users\cazad\Local Sites\neonos\app\public\wp-includes\general-template.php(48): locate_template(Array, true, true, Array)
#12 C:\Users\cazad\Local Sites\neonos\app\public\wp-content\themes\mytheme\front-page.php(1): get_header()
#13 C:\Users\cazad\Local Sites\neonos\app\public\wp-includes\template-loader.php(106): include('C:\\Users\\cazad\\...')
#14 C:\Users\cazad\Local Sites\neonos\app\public\wp-blog-header.php(19): require_once('C:\\Users\\cazad\\...')
#15 C:\Users\cazad\Local Sites\neonos\app\public\index.php(17): require('C:\\Users\\cazad\\...')
#16 {main}
  thrown in C:\Users\cazad\Local Sites\neonos\app\public\wp-content\themes\mytheme\functions.php on line 13
[02-Jul-2024 20:50:42 UTC] PHP Fatal error:  Uncaught Error: Call to undefined function wo_enqueue_script() in C:\Users\cazad\Local Sites\neonos\app\public\wp-content\themes\mytheme\functions.php:13
Stack trace:
#0 C:\Users\cazad\Local Sites\neonos\app\public\wp-includes\class-wp-hook.php(324): load_js('')
#1 C:\Users\cazad\Local Sites\neonos\app\public\wp-includes\class-wp-hook.php(348): WP_Hook->apply_filters(NULL, Array)
#2 C:\Users\cazad\Local Sites\neonos\app\public\wp-includes\plugin.php(517): WP_Hook->do_action(Array)
#3 C:\Users\cazad\Local Sites\neonos\app\public\wp-includes\script-loader.php(2265): do_action('wp_enqueue_scri...')
#4 C:\Users\cazad\Local Sites\neonos\app\public\wp-includes\class-wp-hook.php(324): wp_enqueue_scripts('')
#5 C:\Users\cazad\Local Sites\neonos\app\public\wp-includes\class-wp-hook.php(348): WP_Hook->apply_filters(NULL, Array)
#6 C:\Users\cazad\Local Sites\neonos\app\public\wp-includes\plugin.php(517): WP_Hook->do_action(Array)
#7 C:\Users\cazad\Local Sites\neonos\app\public\wp-includes\general-template.php(3050): do_action('wp_head')
#8 C:\Users\cazad\Local Sites\neonos\app\public\wp-content\themes\mytheme\header.php(7): wp_head()
#9 C:\Users\cazad\Local Sites\neonos\app\public\wp-includes\template.php(810): require_once('C:\\Users\\cazad\\...')
#10 C:\Users\cazad\Local Sites\neonos\app\public\wp-includes\template.php(745): load_template('C:\\Users\\cazad\\...', true, Array)
#11 C:\Users\cazad\Local Sites\neonos\app\public\wp-includes\general-template.php(48): locate_template(Array, true, true, Array)
#12 C:\Users\cazad\Local Sites\neonos\app\public\wp-content\themes\mytheme\front-page.php(1): get_header()
#13 C:\Users\cazad\Local Sites\neonos\app\public\wp-includes\template-loader.php(106): include('C:\\Users\\cazad\\...')
#14 C:\Users\cazad\Local Sites\neonos\app\public\wp-blog-header.php(19): require_once('C:\\Users\\cazad\\...')
#15 C:\Users\cazad\Local Sites\neonos\app\public\index.php(17): require('C:\\Users\\cazad\\...')
#16 {main}
  thrown in C:\Users\cazad\Local Sites\neonos\app\public\wp-content\themes\mytheme\functions.php on line 13
[02-Jul-2024 20:50:42 UTC] PHP Fatal error:  Uncaught Error: Call to undefined function wo_enqueue_script() in C:\Users\cazad\Local Sites\neonos\app\public\wp-content\themes\mytheme\functions.php:13
Stack trace:
#0 C:\Users\cazad\Local Sites\neonos\app\public\wp-includes\class-wp-hook.php(324): load_js('')
#1 C:\Users\cazad\Local Sites\neonos\app\public\wp-includes\class-wp-hook.php(348): WP_Hook->apply_filters(NULL, Array)
#2 C:\Users\cazad\Local Sites\neonos\app\public\wp-includes\plugin.php(517): WP_Hook->do_action(Array)
#3 C:\Users\cazad\Local Sites\neonos\app\public\wp-includes\script-loader.php(2265): do_action('wp_enqueue_scri...')
#4 C:\Users\cazad\Local Sites\neonos\app\public\wp-includes\class-wp-hook.php(324): wp_enqueue_scripts('')
#5 C:\Users\cazad\Local Sites\neonos\app\public\wp-includes\class-wp-hook.php(348): WP_Hook->apply_filters(NULL, Array)
#6 C:\Users\cazad\Local Sites\neonos\app\public\wp-includes\plugin.php(517): WP_Hook->do_action(Array)
#7 C:\Users\cazad\Local Sites\neonos\app\public\wp-includes\general-template.php(3050): do_action('wp_head')
#8 C:\Users\cazad\Local Sites\neonos\app\public\wp-content\themes\mytheme\header.php(7): wp_head()
#9 C:\Users\cazad\Local Sites\neonos\app\public\wp-includes\template.php(810): require_once('C:\\Users\\cazad\\...')
#10 C:\Users\cazad\Local Sites\neonos\app\public\wp-includes\template.php(745): load_template('C:\\Users\\cazad\\...', true, Array)
#11 C:\Users\cazad\Local Sites\neonos\app\public\wp-includes\general-template.php(48): locate_template(Array, true, true, Array)
#12 C:\Users\cazad\Local Sites\neonos\app\public\wp-content\themes\mytheme\front-page.php(1): get_header()
#13 C:\Users\cazad\Local Sites\neonos\app\public\wp-includes\template-loader.php(106): include('C:\\Users\\cazad\\...')
#14 C:\Users\cazad\Local Sites\neonos\app\public\wp-blog-header.php(19): require_once('C:\\Users\\cazad\\...')
#15 C:\Users\cazad\Local Sites\neonos\app\public\index.php(17): require('C:\\Users\\cazad\\...')
#16 {main}
  thrown in C:\Users\cazad\Local Sites\neonos\app\public\wp-content\themes\mytheme\functions.php on line 13
[02-Jul-2024 20:50:42 UTC] PHP Fatal error:  Uncaught Error: Call to undefined function wo_enqueue_script() in C:\Users\cazad\Local Sites\neonos\app\public\wp-content\themes\mytheme\functions.php:13
Stack trace:
#0 C:\Users\cazad\Local Sites\neonos\app\public\wp-includes\class-wp-hook.php(324): load_js('')
#1 C:\Users\cazad\Local Sites\neonos\app\public\wp-includes\class-wp-hook.php(348): WP_Hook->apply_filters(NULL, Array)
#2 C:\Users\cazad\Local Sites\neonos\app\public\wp-includes\plugin.php(517): WP_Hook->do_action(Array)
#3 C:\Users\cazad\Local Sites\neonos\app\public\wp-includes\script-loader.php(2265): do_action('wp_enqueue_scri...')
#4 C:\Users\cazad\Local Sites\neonos\app\public\wp-includes\class-wp-hook.php(324): wp_enqueue_scripts('')
#5 C:\Users\cazad\Local Sites\neonos\app\public\wp-includes\class-wp-hook.php(348): WP_Hook->apply_filters(NULL, Array)
#6 C:\Users\cazad\Local Sites\neonos\app\public\wp-includes\plugin.php(517): WP_Hook->do_action(Array)
#7 C:\Users\cazad\Local Sites\neonos\app\public\wp-includes\general-template.php(3050): do_action('wp_head')
#8 C:\Users\cazad\Local Sites\neonos\app\public\wp-content\themes\mytheme\header.php(7): wp_head()
#9 C:\Users\cazad\Local Sites\neonos\app\public\wp-includes\template.php(810): require_once('C:\\Users\\cazad\\...')
#10 C:\Users\cazad\Local Sites\neonos\app\public\wp-includes\template.php(745): load_template('C:\\Users\\cazad\\...', true, Array)
#11 C:\Users\cazad\Local Sites\neonos\app\public\wp-includes\general-template.php(48): locate_template(Array, true, true, Array)
#12 C:\Users\cazad\Local Sites\neonos\app\public\wp-content\themes\mytheme\front-page.php(1): get_header()
#13 C:\Users\cazad\Local Sites\neonos\app\public\wp-includes\template-loader.php(106): include('C:\\Users\\cazad\\...')
#14 C:\Users\cazad\Local Sites\neonos\app\public\wp-blog-header.php(19): require_once('C:\\Users\\cazad\\...')
#15 C:\Users\cazad\Local Sites\neonos\app\public\index.php(17): require('C:\\Users\\cazad\\...')
#16 {main}
  thrown in C:\Users\cazad\Local Sites\neonos\app\public\wp-content\themes\mytheme\functions.php on line 13
[02-Jul-2024 20:57:22 UTC] PHP Parse error:  syntax error, unexpected end of file in C:\Users\cazad\Local Sites\neonos\app\public\wp-content\themes\mytheme\includes\section-content.php on line 1
[02-Jul-2024 20:57:23 UTC] PHP Parse error:  syntax error, unexpected end of file in C:\Users\cazad\Local Sites\neonos\app\public\wp-content\themes\mytheme\includes\section-content.php on line 1
[02-Jul-2024 20:57:24 UTC] PHP Parse error:  syntax error, unexpected end of file in C:\Users\cazad\Local Sites\neonos\app\public\wp-content\themes\mytheme\includes\section-content.php on line 1
[02-Jul-2024 20:57:24 UTC] PHP Parse error:  syntax error, unexpected end of file in C:\Users\cazad\Local Sites\neonos\app\public\wp-content\themes\mytheme\includes\section-content.php on line 1
[02-Jul-2024 21:11:19 UTC] PHP Warning:  Attempt to read property "title" on null in C:\Users\cazad\Local Sites\neonos\app\public\wp-includes\class-wp-customize-widgets.php on line 905
[02-Jul-2024 23:18:50 UTC] PHP Warning:  Undefined array key "template" in C:\Users\cazad\Local Sites\neonos\app\public\wp-content\plugins\astra-addon\admin\bsf-core\index.php on line 321
[02-Jul-2024 23:26:41 UTC] PHP Warning:  dir(C:/Users/cazad/Local Sites/neonos/app/public/wp-content/upgrade/astra-addon.4.7.2-1/astra-addon/addons/sticky-header/assets/css/unminified/): The system cannot find the path specifi (code: 3) in C:\Users\cazad\Local Sites\neonos\app\public\wp-admin\includes\class-wp-filesystem-direct.php on line 636
[02-Jul-2024 23:26:41 UTC] PHP Warning:  dir(C:/Users/cazad/Local Sites/neonos/app/public/wp-content/upgrade/astra-addon.4.7.2-1/astra-addon/addons/sticky-header/assets/css/unminified/): Failed to open directory: No such file or directory in C:\Users\cazad\Local Sites\neonos\app\public\wp-admin\includes\class-wp-filesystem-direct.php on line 636
[02-Jul-2024 23:26:46 UTC] PHP Warning:  dir(C:/Users/cazad/Local Sites/neonos/app/public/wp-content/upgrade/astra-addon.4.7.2-2/astra-addon/classes/builder/type/footer/divider/assets/js/minified/): The system cannot find the path specifi (code: 3) in C:\Users\cazad\Local Sites\neonos\app\public\wp-admin\includes\class-wp-filesystem-direct.php on line 636
[02-Jul-2024 23:26:46 UTC] PHP Warning:  dir(C:/Users/cazad/Local Sites/neonos/app/public/wp-content/upgrade/astra-addon.4.7.2-2/astra-addon/classes/builder/type/footer/divider/assets/js/minified/): Failed to open directory: No such file or directory in C:\Users\cazad\Local Sites\neonos\app\public\wp-admin\includes\class-wp-filesystem-direct.php on line 636
[02-Jul-2024 23:26:46 UTC] PHP Warning:  dir(C:/Users/cazad/Local Sites/neonos/app/public/wp-content/upgrade/astra-addon.4.7.2-2/astra-addon/classes/builder/type/footer/social-icon/assets/css/minified/): The system cannot find the path specifi (code: 3) in C:\Users\cazad\Local Sites\neonos\app\public\wp-admin\includes\class-wp-filesystem-direct.php on line 636
[02-Jul-2024 23:26:46 UTC] PHP Warning:  dir(C:/Users/cazad/Local Sites/neonos/app/public/wp-content/upgrade/astra-addon.4.7.2-2/astra-addon/classes/builder/type/footer/social-icon/assets/css/minified/): Failed to open directory: No such file or directory in C:\Users\cazad\Local Sites\neonos\app\public\wp-admin\includes\class-wp-filesystem-direct.php on line 636
[02-Jul-2024 23:26:46 UTC] PHP Warning:  dir(C:/Users/cazad/Local Sites/neonos/app/public/wp-content/upgrade/astra-addon.4.7.2-2/astra-addon/classes/builder/type/footer/social-icon/assets/scss/): The system cannot find the path specifi (code: 3) in C:\Users\cazad\Local Sites\neonos\app\public\wp-admin\includes\class-wp-filesystem-direct.php on line 636
[02-Jul-2024 23:26:46 UTC] PHP Warning:  dir(C:/Users/cazad/Local Sites/neonos/app/public/wp-content/upgrade/astra-addon.4.7.2-2/astra-addon/classes/builder/type/footer/social-icon/assets/scss/): Failed to open directory: No such file or directory in C:\Users\cazad\Local Sites\neonos\app\public\wp-admin\includes\class-wp-filesystem-direct.php on line 636
[02-Jul-2024 23:30:42 UTC] PHP Parse error:  syntax error, unexpected token "*", expecting end of file in C:\Users\cazad\Local Sites\neonos\app\public\wp-content\plugins\astra-addon\astra-addon.php on line 19
[02-Jul-2024 23:30:49 UTC] PHP Parse error:  syntax error, unexpected token "*", expecting end of file in C:\Users\cazad\Local Sites\neonos\app\public\wp-content\plugins\astra-addon\astra-addon.php on line 19
[02-Jul-2024 23:30:53 UTC] PHP Parse error:  syntax error, unexpected token "*", expecting end of file in C:\Users\cazad\Local Sites\neonos\app\public\wp-content\plugins\astra-addon\astra-addon.php on line 19
[02-Jul-2024 23:30:54 UTC] PHP Parse error:  syntax error, unexpected token "*", expecting end of file in C:\Users\cazad\Local Sites\neonos\app\public\wp-content\plugins\astra-addon\astra-addon.php on line 19
[02-Jul-2024 23:32:50 UTC] PHP Warning:  require_once(C:\Users\cazad\Local Sites\neonos\app\public\wp-content\plugins\astra-addon/classes/class-astra-addon-update.php): Failed to open stream: No such file or directory in C:\Users\cazad\Local Sites\neonos\app\public\wp-content\plugins\astra-addon\astra-addon.php on line 98
[02-Jul-2024 23:32:50 UTC] PHP Fatal error:  Uncaught Error: Failed opening required 'C:\Users\cazad\Local Sites\neonos\app\public\wp-content\plugins\astra-addon/classes/class-astra-addon-update.php' (include_path='.:/usr/share/php:/www/wp-content/pear') in C:\Users\cazad\Local Sites\neonos\app\public\wp-content\plugins\astra-addon\astra-addon.php:98
Stack trace:
#0 C:\Users\cazad\Local Sites\neonos\app\public\wp-admin\includes\plugin.php(2389): include_once()
#1 C:\Users\cazad\Local Sites\neonos\app\public\wp-admin\includes\plugin.php(675): plugin_sandbox_scrape('astra-addon/ast...')
#2 C:\Users\cazad\Local Sites\neonos\app\public\wp-admin\plugins.php(60): activate_plugin('astra-addon/ast...', 'http://neonos.l...', false)
#3 {main}
  thrown in C:\Users\cazad\Local Sites\neonos\app\public\wp-content\plugins\astra-addon\astra-addon.php on line 98
[02-Jul-2024 23:32:52 UTC] PHP Warning:  require_once(C:\Users\cazad\Local Sites\neonos\app\public\wp-content\plugins\astra-addon/classes/class-astra-addon-update.php): Failed to open stream: No such file or directory in C:\Users\cazad\Local Sites\neonos\app\public\wp-content\plugins\astra-addon\astra-addon.php on line 98
[02-Jul-2024 23:32:52 UTC] PHP Fatal error:  Uncaught Error: Failed opening required 'C:\Users\cazad\Local Sites\neonos\app\public\wp-content\plugins\astra-addon/classes/class-astra-addon-update.php' (include_path='.:/usr/share/php:/www/wp-content/pear') in C:\Users\cazad\Local Sites\neonos\app\public\wp-content\plugins\astra-addon\astra-addon.php:98
Stack trace:
#0 C:\Users\cazad\Local Sites\neonos\app\public\wp-admin\includes\plugin.php(2389): include_once()
#1 C:\Users\cazad\Local Sites\neonos\app\public\wp-admin\includes\plugin.php(675): plugin_sandbox_scrape('astra-addon/ast...')
#2 C:\Users\cazad\Local Sites\neonos\app\public\wp-admin\plugins.php(60): activate_plugin('astra-addon/ast...', 'http://neonos.l...', false)
#3 {main}
  thrown in C:\Users\cazad\Local Sites\neonos\app\public\wp-content\plugins\astra-addon\astra-addon.php on line 98
[02-Jul-2024 23:32:59 UTC] PHP Warning:  require_once(C:\Users\cazad\Local Sites\neonos\app\public\wp-content\plugins\astra-addon/classes/class-astra-addon-update.php): Failed to open stream: No such file or directory in C:\Users\cazad\Local Sites\neonos\app\public\wp-content\plugins\astra-addon\astra-addon.php on line 98
[02-Jul-2024 23:32:59 UTC] PHP Fatal error:  Uncaught Error: Failed opening required 'C:\Users\cazad\Local Sites\neonos\app\public\wp-content\plugins\astra-addon/classes/class-astra-addon-update.php' (include_path='.:/usr/share/php:/www/wp-content/pear') in C:\Users\cazad\Local Sites\neonos\app\public\wp-content\plugins\astra-addon\astra-addon.php:98
Stack trace:
#0 C:\Users\cazad\Local Sites\neonos\app\public\wp-admin\includes\plugin.php(2389): include_once()
#1 C:\Users\cazad\Local Sites\neonos\app\public\wp-admin\includes\plugin.php(675): plugin_sandbox_scrape('astra-addon/ast...')
#2 C:\Users\cazad\Local Sites\neonos\app\public\wp-admin\plugins.php(60): activate_plugin('astra-addon/ast...', 'http://neonos.l...', false)
#3 {main}
  thrown in C:\Users\cazad\Local Sites\neonos\app\public\wp-content\plugins\astra-addon\astra-addon.php on line 98
[03-Jul-2024 01:14:42 UTC] PHP Warning:  Undefined property: WPtouchSettings::$primary_menu in C:\Users\cazad\Local Sites\neonos\app\public\wp-content\plugins\wptouch\core\menu-walkers.php on line 63
[03-Jul-2024 01:14:42 UTC] PHP Warning:  Undefined property: WPtouchSettings::$primary_menu in C:\Users\cazad\Local Sites\neonos\app\public\wp-content\plugins\wptouch\core\menu-walkers.php on line 75
[03-Jul-2024 01:21:38 UTC] PHP Warning:  require_once(C:\Users\cazad\Local Sites\neonos\app\public\wp-content\plugins\wptouch\core\class-array-iterator.php): Failed to open stream: No such file or directory in C:\Users\cazad\Local Sites\neonos\app\public\wp-content\plugins\wptouch.4.3.59\core\globals.php on line 12
[03-Jul-2024 01:21:38 UTC] PHP Fatal error:  Uncaught Error: Failed opening required 'C:\Users\cazad\Local Sites\neonos\app\public\wp-content\plugins\wptouch\core\class-array-iterator.php' (include_path='.:/usr/share/php:/www/wp-content/pear') in C:\Users\cazad\Local Sites\neonos\app\public\wp-content\plugins\wptouch.4.3.59\core\globals.php:12
Stack trace:
#0 C:\Users\cazad\Local Sites\neonos\app\public\wp-content\plugins\wptouch.4.3.59\wptouch.php(34): require_once()
#1 C:\Users\cazad\Local Sites\neonos\app\public\wp-content\plugins\wptouch.4.3.59\wptouch.php(77): wptouch_create_four_object()
#2 C:\Users\cazad\Local Sites\neonos\app\public\wp-includes\class-wp-hook.php(324): wptouch_handle_activation(false)
#3 C:\Users\cazad\Local Sites\neonos\app\public\wp-includes\class-wp-hook.php(348): WP_Hook->apply_filters('', Array)
#4 C:\Users\cazad\Local Sites\neonos\app\public\wp-includes\plugin.php(517): WP_Hook->do_action(Array)
#5 C:\Users\cazad\Local Sites\neonos\app\public\wp-admin\includes\plugin.php(705): do_action('activate_wptouc...', false)
#6 C:\Users\cazad\Local Sites\neonos\app\public\wp-admin\plugins.php(60): activate_plugin('wptouch.4.3.59/...', 'http://neonos.l...', false)
#7 {main}
  thrown in C:\Users\cazad\Local Sites\neonos\app\public\wp-content\plugins\wptouch.4.3.59\core\globals.php on line 12
[03-Jul-2024 01:21:49 UTC] PHP Warning:  require_once(C:\Users\cazad\Local Sites\neonos\app\public/wp-content/plugins\wptouch/core/class-array-iterator.php): Failed to open stream: No such file or directory in C:\Users\cazad\Local Sites\neonos\app\public\wp-content\plugins\wptouch.4.3.59\core\globals.php on line 12
[03-Jul-2024 01:21:49 UTC] PHP Fatal error:  Uncaught Error: Failed opening required 'C:\Users\cazad\Local Sites\neonos\app\public/wp-content/plugins\wptouch/core/class-array-iterator.php' (include_path='.:/usr/share/php:/www/wp-content/pear') in C:\Users\cazad\Local Sites\neonos\app\public\wp-content\plugins\wptouch.4.3.59\core\globals.php:12
Stack trace:
#0 C:\Users\cazad\Local Sites\neonos\app\public\wp-content\plugins\wptouch.4.3.59\wptouch.php(34): require_once()
#1 C:\Users\cazad\Local Sites\neonos\app\public\wp-content\plugins\wptouch.4.3.59\wptouch.php(77): wptouch_create_four_object()
#2 C:\Users\cazad\Local Sites\neonos\app\public\wp-includes\class-wp-hook.php(324): wptouch_handle_activation(false)
#3 C:\Users\cazad\Local Sites\neonos\app\public\wp-includes\class-wp-hook.php(348): WP_Hook->apply_filters('', Array)
#4 C:\Users\cazad\Local Sites\neonos\app\public\wp-includes\plugin.php(517): WP_Hook->do_action(Array)
#5 C:\Users\cazad\Local Sites\neonos\app\public\wp-admin\includes\plugin.php(705): do_action('activate_wptouc...', false)
#6 C:\Users\cazad\Local Sites\neonos\app\public\wp-admin\plugins.php(60): activate_plugin('wptouch.4.3.59/...', 'http://neonos.l...', false)
#7 {main}
  thrown in C:\Users\cazad\Local Sites\neonos\app\public\wp-content\plugins\wptouch.4.3.59\core\globals.php on line 12
