
There was an error on website: Uncaught Error
ParseError: syntax error, unexpected token "}" in C:\Users\cazad\Local Sites\neonos\app\public\wp-content\themes\mytheme\functions.php:6
Stack trace:
#0 C:\Users\cazad\Local Sites\neonos\app\public\wp-config.php(103): require_once()
#1 C:\Users\cazad\Local Sites\neonos\app\public\wp-load.php(50): require_once('C:\\Users\\cazad\\...')
#2 C:\Users\cazad\Local Sites\neonos\app\public\wp-admin\admin-ajax.php(22): require_once('C:\\Users\\cazad\\...')
#3 {main}
There was an error on website: Uncaught Error
ParseError: syntax error, unexpected identifier "get_template_directory_uri", expecting ")" in C:\Users\cazad\Local Sites\neonos\app\public\wp-content\themes\mytheme\functions.php:13
Stack trace:
#0 C:\Users\cazad\Local Sites\neonos\app\public\wp-config.php(103): require_once()
#1 C:\Users\cazad\Local Sites\neonos\app\public\wp-load.php(50): require_once('C:\\Users\\cazad\\...')
#2 C:\Users\cazad\Local Sites\neonos\app\public\wp-blog-header.php(13): require_once('C:\\Users\\cazad\\...')
#3 C:\Users\cazad\Local Sites\neonos\app\public\index.php(17): require('C:\\Users\\cazad\\...')
#4 {main}
There was an error on website: Uncaught Error
ParseError: syntax error, unexpected identifier "get_template_directory_uri", expecting ")" in C:\Users\cazad\Local Sites\neonos\app\public\wp-content\themes\mytheme\functions.php:13
Stack trace:
#0 C:\Users\cazad\Local Sites\neonos\app\public\wp-config.php(103): require_once()
#1 C:\Users\cazad\Local Sites\neonos\app\public\wp-load.php(50): require_once('C:\\Users\\cazad\\...')
#2 C:\Users\cazad\Local Sites\neonos\app\public\wp-blog-header.php(13): require_once('C:\\Users\\cazad\\...')
#3 C:\Users\cazad\Local Sites\neonos\app\public\index.php(17): require('C:\\Users\\cazad\\...')
#4 {main}
There was an error on website: Uncaught Error
ParseError: syntax error, unexpected identifier "get_template_directory_uri", expecting ")" in C:\Users\cazad\Local Sites\neonos\app\public\wp-content\themes\mytheme\functions.php:13
Stack trace:
#0 C:\Users\cazad\Local Sites\neonos\app\public\wp-config.php(103): require_once()
#1 C:\Users\cazad\Local Sites\neonos\app\public\wp-load.php(50): require_once('C:\\Users\\cazad\\...')
#2 C:\Users\cazad\Local Sites\neonos\app\public\wp-admin\admin-ajax.php(22): require_once('C:\\Users\\cazad\\...')
#3 {main}
There was an error on website: Uncaught Error
Error: Call to undefined function wo_enqueue_script() in C:\Users\cazad\Local Sites\neonos\app\public\wp-content\themes\mytheme\functions.php:13
Stack trace:
#0 C:\Users\cazad\Local Sites\neonos\app\public\wp-includes\class-wp-hook.php(324): load_js('')
#1 C:\Users\cazad\Local Sites\neonos\app\public\wp-includes\class-wp-hook.php(348): WP_Hook->apply_filters(NULL, Array)
#2 C:\Users\cazad\Local Sites\neonos\app\public\wp-includes\plugin.php(517): WP_Hook->do_action(Array)
#3 C:\Users\cazad\Local Sites\neonos\app\public\wp-includes\script-loader.php(2265): do_action('wp_enqueue_scri...')
#4 C:\Users\cazad\Local Sites\neonos\app\public\wp-includes\class-wp-hook.php(324): wp_enqueue_scripts('')
#5 C:\Users\cazad\Local Sites\neonos\app\public\wp-includes\class-wp-hook.php(348): WP_Hook->apply_filters(NULL, Array)
#6 C:\Users\cazad\Local Sites\neonos\app\public\wp-includes\plugin.php(517): WP_Hook->do_action(Array)
#7 C:\Users\cazad\Local Sites\neonos\app\public\wp-includes\general-template.php(3050): do_action('wp_head')
#8 C:\Users\cazad\Local Sites\neonos\app\public\wp-content\themes\mytheme\header.php(7): wp_head()
#9 C:\Users\cazad\Local Sites\neonos\app\public\wp-includes\template.php(810): require_once('C:\\Users\\cazad\\...')
#10 C:\Users\cazad\Local Sites\neonos\app\public\wp-includes\template.php(745): load_template('C:\\Users\\cazad\\...', true, Array)
#11 C:\Users\cazad\Local Sites\neonos\app\public\wp-includes\general-template.php(48): locate_template(Array, true, true, Array)
#12 C:\Users\cazad\Local Sites\neonos\app\public\wp-content\themes\mytheme\front-page.php(1): get_header()
#13 C:\Users\cazad\Local Sites\neonos\app\public\wp-includes\template-loader.php(106): include('C:\\Users\\cazad\\...')
#14 C:\Users\cazad\Local Sites\neonos\app\public\wp-blog-header.php(19): require_once('C:\\Users\\cazad\\...')
#15 C:\Users\cazad\Local Sites\neonos\app\public\index.php(17): require('C:\\Users\\cazad\\...')
#16 {main}
There was an error on website: Uncaught Error
Error: Call to undefined function wo_enqueue_script() in C:\Users\cazad\Local Sites\neonos\app\public\wp-content\themes\mytheme\functions.php:13
Stack trace:
#0 C:\Users\cazad\Local Sites\neonos\app\public\wp-includes\class-wp-hook.php(324): load_js('')
#1 C:\Users\cazad\Local Sites\neonos\app\public\wp-includes\class-wp-hook.php(348): WP_Hook->apply_filters(NULL, Array)
#2 C:\Users\cazad\Local Sites\neonos\app\public\wp-includes\plugin.php(517): WP_Hook->do_action(Array)
#3 C:\Users\cazad\Local Sites\neonos\app\public\wp-includes\script-loader.php(2265): do_action('wp_enqueue_scri...')
#4 C:\Users\cazad\Local Sites\neonos\app\public\wp-includes\class-wp-hook.php(324): wp_enqueue_scripts('')
#5 C:\Users\cazad\Local Sites\neonos\app\public\wp-includes\class-wp-hook.php(348): WP_Hook->apply_filters(NULL, Array)
#6 C:\Users\cazad\Local Sites\neonos\app\public\wp-includes\plugin.php(517): WP_Hook->do_action(Array)
#7 C:\Users\cazad\Local Sites\neonos\app\public\wp-includes\general-template.php(3050): do_action('wp_head')
#8 C:\Users\cazad\Local Sites\neonos\app\public\wp-content\themes\mytheme\header.php(7): wp_head()
#9 C:\Users\cazad\Local Sites\neonos\app\public\wp-includes\template.php(810): require_once('C:\\Users\\cazad\\...')
#10 C:\Users\cazad\Local Sites\neonos\app\public\wp-includes\template.php(745): load_template('C:\\Users\\cazad\\...', true, Array)
#11 C:\Users\cazad\Local Sites\neonos\app\public\wp-includes\general-template.php(48): locate_template(Array, true, true, Array)
#12 C:\Users\cazad\Local Sites\neonos\app\public\wp-content\themes\mytheme\front-page.php(1): get_header()
#13 C:\Users\cazad\Local Sites\neonos\app\public\wp-includes\template-loader.php(106): include('C:\\Users\\cazad\\...')
#14 C:\Users\cazad\Local Sites\neonos\app\public\wp-blog-header.php(19): require_once('C:\\Users\\cazad\\...')
#15 C:\Users\cazad\Local Sites\neonos\app\public\index.php(17): require('C:\\Users\\cazad\\...')
#16 {main}
There was an error on website: Uncaught Error
Error: Call to undefined function wo_enqueue_script() in C:\Users\cazad\Local Sites\neonos\app\public\wp-content\themes\mytheme\functions.php:13
Stack trace:
#0 C:\Users\cazad\Local Sites\neonos\app\public\wp-includes\class-wp-hook.php(324): load_js('')
#1 C:\Users\cazad\Local Sites\neonos\app\public\wp-includes\class-wp-hook.php(348): WP_Hook->apply_filters(NULL, Array)
#2 C:\Users\cazad\Local Sites\neonos\app\public\wp-includes\plugin.php(517): WP_Hook->do_action(Array)
#3 C:\Users\cazad\Local Sites\neonos\app\public\wp-includes\script-loader.php(2265): do_action('wp_enqueue_scri...')
#4 C:\Users\cazad\Local Sites\neonos\app\public\wp-includes\class-wp-hook.php(324): wp_enqueue_scripts('')
#5 C:\Users\cazad\Local Sites\neonos\app\public\wp-includes\class-wp-hook.php(348): WP_Hook->apply_filters(NULL, Array)
#6 C:\Users\cazad\Local Sites\neonos\app\public\wp-includes\plugin.php(517): WP_Hook->do_action(Array)
#7 C:\Users\cazad\Local Sites\neonos\app\public\wp-includes\general-template.php(3050): do_action('wp_head')
#8 C:\Users\cazad\Local Sites\neonos\app\public\wp-content\themes\mytheme\header.php(7): wp_head()
#9 C:\Users\cazad\Local Sites\neonos\app\public\wp-includes\template.php(810): require_once('C:\\Users\\cazad\\...')
#10 C:\Users\cazad\Local Sites\neonos\app\public\wp-includes\template.php(745): load_template('C:\\Users\\cazad\\...', true, Array)
#11 C:\Users\cazad\Local Sites\neonos\app\public\wp-includes\general-template.php(48): locate_template(Array, true, true, Array)
#12 C:\Users\cazad\Local Sites\neonos\app\public\wp-content\themes\mytheme\front-page.php(1): get_header()
#13 C:\Users\cazad\Local Sites\neonos\app\public\wp-includes\template-loader.php(106): include('C:\\Users\\cazad\\...')
#14 C:\Users\cazad\Local Sites\neonos\app\public\wp-blog-header.php(19): require_once('C:\\Users\\cazad\\...')
#15 C:\Users\cazad\Local Sites\neonos\app\public\index.php(17): require('C:\\Users\\cazad\\...')
#16 {main}
There was an error on website: Uncaught Error
Error: Call to undefined function wo_enqueue_script() in C:\Users\cazad\Local Sites\neonos\app\public\wp-content\themes\mytheme\functions.php:13
Stack trace:
#0 C:\Users\cazad\Local Sites\neonos\app\public\wp-includes\class-wp-hook.php(324): load_js('')
#1 C:\Users\cazad\Local Sites\neonos\app\public\wp-includes\class-wp-hook.php(348): WP_Hook->apply_filters(NULL, Array)
#2 C:\Users\cazad\Local Sites\neonos\app\public\wp-includes\plugin.php(517): WP_Hook->do_action(Array)
#3 C:\Users\cazad\Local Sites\neonos\app\public\wp-includes\script-loader.php(2265): do_action('wp_enqueue_scri...')
#4 C:\Users\cazad\Local Sites\neonos\app\public\wp-includes\class-wp-hook.php(324): wp_enqueue_scripts('')
#5 C:\Users\cazad\Local Sites\neonos\app\public\wp-includes\class-wp-hook.php(348): WP_Hook->apply_filters(NULL, Array)
#6 C:\Users\cazad\Local Sites\neonos\app\public\wp-includes\plugin.php(517): WP_Hook->do_action(Array)
#7 C:\Users\cazad\Local Sites\neonos\app\public\wp-includes\general-template.php(3050): do_action('wp_head')
#8 C:\Users\cazad\Local Sites\neonos\app\public\wp-content\themes\mytheme\header.php(7): wp_head()
#9 C:\Users\cazad\Local Sites\neonos\app\public\wp-includes\template.php(810): require_once('C:\\Users\\cazad\\...')
#10 C:\Users\cazad\Local Sites\neonos\app\public\wp-includes\template.php(745): load_template('C:\\Users\\cazad\\...', true, Array)
#11 C:\Users\cazad\Local Sites\neonos\app\public\wp-includes\general-template.php(48): locate_template(Array, true, true, Array)
#12 C:\Users\cazad\Local Sites\neonos\app\public\wp-content\themes\mytheme\front-page.php(1): get_header()
#13 C:\Users\cazad\Local Sites\neonos\app\public\wp-includes\template-loader.php(106): include('C:\\Users\\cazad\\...')
#14 C:\Users\cazad\Local Sites\neonos\app\public\wp-blog-header.php(19): require_once('C:\\Users\\cazad\\...')
#15 C:\Users\cazad\Local Sites\neonos\app\public\index.php(17): require('C:\\Users\\cazad\\...')
#16 {main}
There was an error on website: Uncaught Error
Error: Call to undefined function wo_enqueue_script() in C:\Users\cazad\Local Sites\neonos\app\public\wp-content\themes\mytheme\functions.php:13
Stack trace:
#0 C:\Users\cazad\Local Sites\neonos\app\public\wp-includes\class-wp-hook.php(324): load_js('')
#1 C:\Users\cazad\Local Sites\neonos\app\public\wp-includes\class-wp-hook.php(348): WP_Hook->apply_filters(NULL, Array)
#2 C:\Users\cazad\Local Sites\neonos\app\public\wp-includes\plugin.php(517): WP_Hook->do_action(Array)
#3 C:\Users\cazad\Local Sites\neonos\app\public\wp-includes\script-loader.php(2265): do_action('wp_enqueue_scri...')
#4 C:\Users\cazad\Local Sites\neonos\app\public\wp-includes\class-wp-hook.php(324): wp_enqueue_scripts('')
#5 C:\Users\cazad\Local Sites\neonos\app\public\wp-includes\class-wp-hook.php(348): WP_Hook->apply_filters(NULL, Array)
#6 C:\Users\cazad\Local Sites\neonos\app\public\wp-includes\plugin.php(517): WP_Hook->do_action(Array)
#7 C:\Users\cazad\Local Sites\neonos\app\public\wp-includes\general-template.php(3050): do_action('wp_head')
#8 C:\Users\cazad\Local Sites\neonos\app\public\wp-content\themes\mytheme\header.php(7): wp_head()
#9 C:\Users\cazad\Local Sites\neonos\app\public\wp-includes\template.php(810): require_once('C:\\Users\\cazad\\...')
#10 C:\Users\cazad\Local Sites\neonos\app\public\wp-includes\template.php(745): load_template('C:\\Users\\cazad\\...', true, Array)
#11 C:\Users\cazad\Local Sites\neonos\app\public\wp-includes\general-template.php(48): locate_template(Array, true, true, Array)
#12 C:\Users\cazad\Local Sites\neonos\app\public\wp-content\themes\mytheme\front-page.php(1): get_header()
#13 C:\Users\cazad\Local Sites\neonos\app\public\wp-includes\template-loader.php(106): include('C:\\Users\\cazad\\...')
#14 C:\Users\cazad\Local Sites\neonos\app\public\wp-blog-header.php(19): require_once('C:\\Users\\cazad\\...')
#15 C:\Users\cazad\Local Sites\neonos\app\public\index.php(17): require('C:\\Users\\cazad\\...')
#16 {main}
There was an error on website: Uncaught Error
Error: Call to undefined function wo_enqueue_script() in C:\Users\cazad\Local Sites\neonos\app\public\wp-content\themes\mytheme\functions.php:13
Stack trace:
#0 C:\Users\cazad\Local Sites\neonos\app\public\wp-includes\class-wp-hook.php(324): load_js('')
#1 C:\Users\cazad\Local Sites\neonos\app\public\wp-includes\class-wp-hook.php(348): WP_Hook->apply_filters(NULL, Array)
#2 C:\Users\cazad\Local Sites\neonos\app\public\wp-includes\plugin.php(517): WP_Hook->do_action(Array)
#3 C:\Users\cazad\Local Sites\neonos\app\public\wp-includes\script-loader.php(2265): do_action('wp_enqueue_scri...')
#4 C:\Users\cazad\Local Sites\neonos\app\public\wp-includes\class-wp-hook.php(324): wp_enqueue_scripts('')
#5 C:\Users\cazad\Local Sites\neonos\app\public\wp-includes\class-wp-hook.php(348): WP_Hook->apply_filters(NULL, Array)
#6 C:\Users\cazad\Local Sites\neonos\app\public\wp-includes\plugin.php(517): WP_Hook->do_action(Array)
#7 C:\Users\cazad\Local Sites\neonos\app\public\wp-includes\general-template.php(3050): do_action('wp_head')
#8 C:\Users\cazad\Local Sites\neonos\app\public\wp-content\themes\mytheme\header.php(7): wp_head()
#9 C:\Users\cazad\Local Sites\neonos\app\public\wp-includes\template.php(810): require_once('C:\\Users\\cazad\\...')
#10 C:\Users\cazad\Local Sites\neonos\app\public\wp-includes\template.php(745): load_template('C:\\Users\\cazad\\...', true, Array)
#11 C:\Users\cazad\Local Sites\neonos\app\public\wp-includes\general-template.php(48): locate_template(Array, true, true, Array)
#12 C:\Users\cazad\Local Sites\neonos\app\public\wp-content\themes\mytheme\front-page.php(1): get_header()
#13 C:\Users\cazad\Local Sites\neonos\app\public\wp-includes\template-loader.php(106): include('C:\\Users\\cazad\\...')
#14 C:\Users\cazad\Local Sites\neonos\app\public\wp-blog-header.php(19): require_once('C:\\Users\\cazad\\...')
#15 C:\Users\cazad\Local Sites\neonos\app\public\index.php(17): require('C:\\Users\\cazad\\...')
#16 {main}
There was an error on website: Uncaught Error
Error: Call to undefined function wo_enqueue_script() in C:\Users\cazad\Local Sites\neonos\app\public\wp-content\themes\mytheme\functions.php:13
Stack trace:
#0 C:\Users\cazad\Local Sites\neonos\app\public\wp-includes\class-wp-hook.php(324): load_js('')
#1 C:\Users\cazad\Local Sites\neonos\app\public\wp-includes\class-wp-hook.php(348): WP_Hook->apply_filters(NULL, Array)
#2 C:\Users\cazad\Local Sites\neonos\app\public\wp-includes\plugin.php(517): WP_Hook->do_action(Array)
#3 C:\Users\cazad\Local Sites\neonos\app\public\wp-includes\script-loader.php(2265): do_action('wp_enqueue_scri...')
#4 C:\Users\cazad\Local Sites\neonos\app\public\wp-includes\class-wp-hook.php(324): wp_enqueue_scripts('')
#5 C:\Users\cazad\Local Sites\neonos\app\public\wp-includes\class-wp-hook.php(348): WP_Hook->apply_filters(NULL, Array)
#6 C:\Users\cazad\Local Sites\neonos\app\public\wp-includes\plugin.php(517): WP_Hook->do_action(Array)
#7 C:\Users\cazad\Local Sites\neonos\app\public\wp-includes\general-template.php(3050): do_action('wp_head')
#8 C:\Users\cazad\Local Sites\neonos\app\public\wp-content\themes\mytheme\header.php(7): wp_head()
#9 C:\Users\cazad\Local Sites\neonos\app\public\wp-includes\template.php(810): require_once('C:\\Users\\cazad\\...')
#10 C:\Users\cazad\Local Sites\neonos\app\public\wp-includes\template.php(745): load_template('C:\\Users\\cazad\\...', true, Array)
#11 C:\Users\cazad\Local Sites\neonos\app\public\wp-includes\general-template.php(48): locate_template(Array, true, true, Array)
#12 C:\Users\cazad\Local Sites\neonos\app\public\wp-content\themes\mytheme\front-page.php(1): get_header()
#13 C:\Users\cazad\Local Sites\neonos\app\public\wp-includes\template-loader.php(106): include('C:\\Users\\cazad\\...')
#14 C:\Users\cazad\Local Sites\neonos\app\public\wp-blog-header.php(19): require_once('C:\\Users\\cazad\\...')
#15 C:\Users\cazad\Local Sites\neonos\app\public\index.php(17): require('C:\\Users\\cazad\\...')
#16 {main}
There was an error on website: Uncaught Error
Error: Call to undefined function wo_enqueue_script() in C:\Users\cazad\Local Sites\neonos\app\public\wp-content\themes\mytheme\functions.php:13
Stack trace:
#0 C:\Users\cazad\Local Sites\neonos\app\public\wp-includes\class-wp-hook.php(324): load_js('')
#1 C:\Users\cazad\Local Sites\neonos\app\public\wp-includes\class-wp-hook.php(348): WP_Hook->apply_filters(NULL, Array)
#2 C:\Users\cazad\Local Sites\neonos\app\public\wp-includes\plugin.php(517): WP_Hook->do_action(Array)
#3 C:\Users\cazad\Local Sites\neonos\app\public\wp-includes\script-loader.php(2265): do_action('wp_enqueue_scri...')
#4 C:\Users\cazad\Local Sites\neonos\app\public\wp-includes\class-wp-hook.php(324): wp_enqueue_scripts('')
#5 C:\Users\cazad\Local Sites\neonos\app\public\wp-includes\class-wp-hook.php(348): WP_Hook->apply_filters(NULL, Array)
#6 C:\Users\cazad\Local Sites\neonos\app\public\wp-includes\plugin.php(517): WP_Hook->do_action(Array)
#7 C:\Users\cazad\Local Sites\neonos\app\public\wp-includes\general-template.php(3050): do_action('wp_head')
#8 C:\Users\cazad\Local Sites\neonos\app\public\wp-content\themes\mytheme\header.php(7): wp_head()
#9 C:\Users\cazad\Local Sites\neonos\app\public\wp-includes\template.php(810): require_once('C:\\Users\\cazad\\...')
#10 C:\Users\cazad\Local Sites\neonos\app\public\wp-includes\template.php(745): load_template('C:\\Users\\cazad\\...', true, Array)
#11 C:\Users\cazad\Local Sites\neonos\app\public\wp-includes\general-template.php(48): locate_template(Array, true, true, Array)
#12 C:\Users\cazad\Local Sites\neonos\app\public\wp-content\themes\mytheme\front-page.php(1): get_header()
#13 C:\Users\cazad\Local Sites\neonos\app\public\wp-includes\template-loader.php(106): include('C:\\Users\\cazad\\...')
#14 C:\Users\cazad\Local Sites\neonos\app\public\wp-blog-header.php(19): require_once('C:\\Users\\cazad\\...')
#15 C:\Users\cazad\Local Sites\neonos\app\public\index.php(17): require('C:\\Users\\cazad\\...')
#16 {main}
There was an error on website: Uncaught Error
ParseError: syntax error, unexpected end of file in C:\Users\cazad\Local Sites\neonos\app\public\wp-content\themes\mytheme\includes\section-content.php:1
Stack trace:
#0 C:\Users\cazad\Local Sites\neonos\app\public\wp-includes\template.php(745): load_template('C:\\Users\\cazad\\...', false, Array)
#1 C:\Users\cazad\Local Sites\neonos\app\public\wp-includes\general-template.php(206): locate_template(Array, true, false, Array)
#2 C:\Users\cazad\Local Sites\neonos\app\public\wp-content\themes\mytheme\front-page.php(5): get_template_part('includes/sectio...', 'content')
#3 C:\Users\cazad\Local Sites\neonos\app\public\wp-includes\template-loader.php(106): include('C:\\Users\\cazad\\...')
#4 C:\Users\cazad\Local Sites\neonos\app\public\wp-blog-header.php(19): require_once('C:\\Users\\cazad\\...')
#5 C:\Users\cazad\Local Sites\neonos\app\public\index.php(17): require('C:\\Users\\cazad\\...')
#6 {main}
There was an error on website: Uncaught Error
ParseError: syntax error, unexpected end of file in C:\Users\cazad\Local Sites\neonos\app\public\wp-content\themes\mytheme\includes\section-content.php:1
Stack trace:
#0 C:\Users\cazad\Local Sites\neonos\app\public\wp-includes\template.php(745): load_template('C:\\Users\\cazad\\...', false, Array)
#1 C:\Users\cazad\Local Sites\neonos\app\public\wp-includes\general-template.php(206): locate_template(Array, true, false, Array)
#2 C:\Users\cazad\Local Sites\neonos\app\public\wp-content\themes\mytheme\front-page.php(5): get_template_part('includes/sectio...', 'content')
#3 C:\Users\cazad\Local Sites\neonos\app\public\wp-includes\template-loader.php(106): include('C:\\Users\\cazad\\...')
#4 C:\Users\cazad\Local Sites\neonos\app\public\wp-blog-header.php(19): require_once('C:\\Users\\cazad\\...')
#5 C:\Users\cazad\Local Sites\neonos\app\public\index.php(17): require('C:\\Users\\cazad\\...')
#6 {main}
There was an error on website: Uncaught Error
ParseError: syntax error, unexpected end of file in C:\Users\cazad\Local Sites\neonos\app\public\wp-content\themes\mytheme\includes\section-content.php:1
Stack trace:
#0 C:\Users\cazad\Local Sites\neonos\app\public\wp-includes\template.php(745): load_template('C:\\Users\\cazad\\...', false, Array)
#1 C:\Users\cazad\Local Sites\neonos\app\public\wp-includes\general-template.php(206): locate_template(Array, true, false, Array)
#2 C:\Users\cazad\Local Sites\neonos\app\public\wp-content\themes\mytheme\front-page.php(5): get_template_part('includes/sectio...', 'content')
#3 C:\Users\cazad\Local Sites\neonos\app\public\wp-includes\template-loader.php(106): include('C:\\Users\\cazad\\...')
#4 C:\Users\cazad\Local Sites\neonos\app\public\wp-blog-header.php(19): require_once('C:\\Users\\cazad\\...')
#5 C:\Users\cazad\Local Sites\neonos\app\public\index.php(17): require('C:\\Users\\cazad\\...')
#6 {main}
There was an error on website: Uncaught Error
ParseError: syntax error, unexpected end of file in C:\Users\cazad\Local Sites\neonos\app\public\wp-content\themes\mytheme\includes\section-content.php:1
Stack trace:
#0 C:\Users\cazad\Local Sites\neonos\app\public\wp-includes\template.php(745): load_template('C:\\Users\\cazad\\...', false, Array)
#1 C:\Users\cazad\Local Sites\neonos\app\public\wp-includes\general-template.php(206): locate_template(Array, true, false, Array)
#2 C:\Users\cazad\Local Sites\neonos\app\public\wp-content\themes\mytheme\front-page.php(5): get_template_part('includes/sectio...', 'content')
#3 C:\Users\cazad\Local Sites\neonos\app\public\wp-includes\template-loader.php(106): include('C:\\Users\\cazad\\...')
#4 C:\Users\cazad\Local Sites\neonos\app\public\wp-blog-header.php(19): require_once('C:\\Users\\cazad\\...')
#5 C:\Users\cazad\Local Sites\neonos\app\public\index.php(17): require('C:\\Users\\cazad\\...')
#6 {main}